Case #1: 7
Case #2: 1
Case #3: IMPOSSIBLE
Case #4: 1 2
Case #5: 4 9
Case #6: 229
Case #7: 99 297 495 693 891 1089 1287 1485 1683 1881 2079 2277 2475 2673 2871 3069 3267 3465 3663 3861 4059 4257 4455 4653 4851 5049 5247 5445 5643 5841 6039 6237 6435 6633 6831 7029 7227 7425 7623 7821 8019 8217 8415 8613 8811 9009 9207 9405 9603
Case #8: IMPOSSIBLE
Case #9: 80706050403020101 171615141312111010 262524232221201919 353433323130292828 444342414039383737 535251504948474646 626160595857565555 717069686766656464 807978777675747373 898887868584838282 989796959493929191 1000000000000000000
Case #10: 3
Case #11: IMPOSSIBLE
Case #12: IMPOSSIBLE
Case #13: 2821109905591
Case #14: 3046610084896 6130070308117
Case #15: IMPOSSIBLE
Case #16: 457174511047 974575604386 1207269217261
Case #17: IMPOSSIBLE
Case #18: 1 2 3 4 5 6 7 8 9 10 11
Case #19: IMPOSSIBLE
Case #20: IMPOSSIBLE
Case #21: IMPOSSIBLE
Case #22: 1 2 3 4
Case #23: 62811 143336 161051
Case #24: 7
Case #25: 2451145488007 5316433435676 8181721383345 11047009331014 13912297278683 16777585226352 19642873174021 22508161121690 25373449069359 28238737017028 31104024964697 33969312912366 34792782221695
Case #26: IMPOSSIBLE
Case #27: IMPOSSIBLE
Case #28: 22
Case #29: 1
Case #30: IMPOSSIBLE
Case #31: 10460353198
Case #32: 505447025646177066
Case #33: 315726318517 673152339478 794280046558
Case #34: 1 2 3 4 5 6 7 8 9 10 11 12 13 14 15 16 17 18 19 20 21 22 23 24 25 26 27 28 29 30 31 32 33 34 35 36 37 38 39 40 41 42 43 44 45 46 47 48 49 50 51 52 53 54 55 56 57 58 59 60 61 62 63 64 65 66 67 68 69 70 71 72 73 74 75 76 77 78 79 80 81 82 83 84 85 86 87 88 89 90 91 92 93 94 95 96 97 98 99 100
Case #35: 101 303 505 707 909 1111 1313 1515 1717 1919 2121 2323 2525 2727 2929 3131 3333 3535 3737 3939 4141 4343 4545 4747 4949 5151 5353 5555 5757 5959 6161 6363 6565 6767 6969 7171 7373 7575 7777 7979 8181 8383 8585 8787 8989 9191 9393 9595 9797 9999
Case #36: 288230376151711717
Case #37: IMPOSSIBLE
Case #38: 32 96 160 224 288 352 416 480 544 608 672 736 800 864 928 961
Case #39: 288230376151711717
Case #40: 911335 2132615 3353895 4575175 5796455 7017735 8239015 9460295 10681575 11902855 13124135 14345415 15566695 16787975 18009255 19230535 20151052
Case #41: IMPOSSIBLE
Case #42: 2186299 4945704 7705109 10464514 13223919 14348906
Case #43: IMPOSSIBLE
Case #44: 48028639 104789756
Case #45: 76
Case #46: 4 9
Case #47: 295198384 642815171 893864097
Case #48: 450283905890997358
Case #49: IMPOSSIBLE
Case #50: 1
Case #51: 1
Case #52: 9783213769 21556233727 33329253685 45102273643 56875293601 68648313559 80421333517 92194353475 103967373433 115740393391 127513413349 139286433307
Case #53: 2129876755529410 4481786995225977 5559060566534297
Case #54: 2412896778435241 5101553188691651 7790209598948061 10478866009204471
Case #55: 1135 2392
Case #56: 148390053388881 318285911616729 488181769844577 658077628072425 827973486300273 997869344528121 1167765202755969 1337661060983817 1507556919211665 1677452777439513
Case #57: 2059993 4817213 7574433 10331653 13088873 15846093 18603313 21360533 24117753 26874973 29632193 32389413 35146633 37903853 40661073 43418293 46175513 48932733 51689953 54447173 57204393 59961613
Case #58: IMPOSSIBLE
Case #59: 36 108 180 252 324 396 468 540 612 684 756 828 900 972 1044 1116 1188 1225
Case #60: 120259 282239 444219 606199 768179 930159 1092139 1254119 1336335
Case #61: 3020101 7060505 11100909 15141313 19181717 23222121 27262525 31302929 35343333 39383737 43424141 47464545 51504949 55545353 59585757 63626161 67666565 71706969 75747373 79787777 83828181 87868585 91908989 95949393 99989797
Case #62: IMPOSSIBLE
Case #63: 576460752303423487
Case #64: 13570162853388881 28860790093895210 44151417334401539 59442044574907868 74732671815414197 90023299055920526 105313926296426855 120604553536933184 134217459177439513
Case #65: 282452374
Case #66: 1
Case #67: 21227116 46956952 72686788 85766098
Case #68: 5 15
Case #69: 174541132263046795 367005803780489592 559470475297932389 717368079188170066
Case #70: 2541865828324
Case #71: IMPOSSIBLE
Case #72: 20101 50404 80707 111010 141313 171616 201919 232222 262525 292828 323131 353434 383737 414040 444343 474646 504949 535252 565555 595858 626161 656464 686767 717070 747373 777676 807979 838282 868585 898888 929191 959494 989797 1000000
Case #73: IMPOSSIBLE
Case #74: IMPOSSIBLE
Case #75: 3327641947 7334872741 11342103535 15349334329 19356565123 23363795917 27371026711 31378257505 35385488299 38068689061
Case #76: 142717526685264700 301577251182327740 460436975679390780 619296700176453820 778156424673516860 937016149170579900 984930291881790784
Case #77: IMPOSSIBLE
Case #78: 1 2 3
Case #79: 425107636595725 911700514565325 1398293392534925 1884886270504525 2371479148474125 2858072026443725 3344664904413325 3831257782382925 4317850660352525 4804443538322125 5291036416291725 5595818095828463
Case #80: 43211 98766
Case #81: 1 2 3 4 5 6 7 8 9 10 11 12 13 14 15 16 17 18 19 20 21 22 23 24 25 26 27 28 29 30 31 32 33 34 35 36 37 38 39 40 41 42
Case #82: IMPOSSIBLE
Case #83: 1597 4036 6475 8914 11353 13792 16231 18670 21109 21952
Case #84: 1023
Case #85: 868066 1769951
Case #86: 367761728716 576650386751
Case #87: 12672619 28610574 44548529 60486484 76424439 92362394 108300349 124238304 130691231
Case #88: 1
Case #89: 15
Case #90: 999999999876543211
Case #91: IMPOSSIBLE
Case #92: 1
Case #93: 37 64
Case #94: 8500578871 18730926697 28961274523 39191622349 49421970175 59652318001 69882665827 80113013653 90343361479 100573709305 110804057131 117648994957
Case #95: 455641385780668057 876485461941457694
Case #96: 9999494205444437 21267458021793686 32535421838142935 43803385654492184 55071349470841433 66339313287190682 77607277103539931 88875240919889180 95151694448702811
Case #97: 18206111 41090886 63975661 86860436 109745211 132629986 155514761 178399536 201284311 205962976
Case #98: 1
Case #99: IMPOSSIBLE
Case #100: 54107 127223 200339 273455 346571 419687 456975
