Case #1: 7
Case #2: 1
Case #3: 1 2
Case #4: 4 9
Case #5: 1587880051 3501145357 5414410663 7327675969 9240941275 11154206581 13067471887 14980737193 15624999999
Case #6: 167543 392963 618383 843803 1069223 1294643 1520063 1745483 1970903 2085135
Case #7: 273887527250601079 504036276344502066
Case #8: 29091419662 63173417591 97255415520 131337413449 165419411378 194751305066
Case #9: 205891132094644
Case #10: 1667635 3900335 6133035 8365735 10598435 12831135 15063835 17296535 19529235 21761935 23994635 26227335 28460035 30692735 32925435 35158135 37390835 39623535 41856235 44088935 45212175
Case #11: 18014398509139593
Case #12: 576460752303423487
Case #13: 274877906943
Case #14: 34359738367
Case #15: 8441260657805606 17757702186487377 25408447519046875
Case #16: 6338433091 13968028477 21597623863 29227219249 36856814635 44486410021 52116005407 59745600793 67375196179 75004791565 82634386951
Case #17: 44239891901 95102522109 145965152317 152587890625
Case #18: 1
Case #19: 20101 50404 80707 111010 141313 171616 201919 232222 262525 292828 323131 353434 383737 414040 444343 474646 504949 535252 565555 595858 626161 656464 686767 717070 747373 777676 807979 838282 868585 898888 929191 959494 989797 1000000
Case #20: 49531541029249721 104677993592179571 159824446155109421 214970898718039271 270117351280969121 303305489085918811
Case #21: 35184371746441
Case #22: 25454147837242645 53798286258626375 82142424680010105 110486563101393835 138830701522777565 144555105949057023
Case #23: 8779 22048 35317 48586 61855 75124 88393 101662 114931 128200 141469 154738 168007 181276 194545 207814 221083 234352 247621 260890 274159 287428
Case #24: 7389743766738415 9904578032905611
Case #25: 1628413597887574
Case #26: 13570162853388881 28860790093895210 44151417334401539 59442044574907868 74732671815414197 90023299055920526 105313926296426855 120604553536933184 134217459177439513
Case #27: 107270496778435241 225571378829717292 343872260880999343 419430399892281394
Case #28: 1 2 3 4 5 6 7 8 9 10 11 12 13 14 15 16 17 18 19 20 21 22 23 24 25 26 27 28 29 30 31 32 33 34 35 36 37 38 39 40 41 42 43 44 45
Case #29: 134777261 303812286 472847311 641882336 810917361 979952386 1148987411 1318022436 1487057461 1656092486 1825127511 1994162536 2163197561 2332232586 2501267611 2535525376
Case #30: 102730611 231604136 360477661 489351186 618224711 747098236 875971761 1004845286 1133718811 1262592336 1391465861 1520339386 1649212911 1778086436 1804229351
Case #31: 22025931257940661 46842032645426710 71658134032912759 96474235420398808 121290336807884857 146106438195370906 170922539582856955 195738640970343004 220554742357829053 231616946283195727
Case #32: 1
Case #33: 220733603649910610 464120059225707033 707506514801503456 929281488064015630
Case #34: 561919034629 1206744156333 1851569278037 2496394399741 2821109906085
Case #35: 1082 2741 4400 6059 7718 9377 11036 12166
Case #36: 10912034066357227 21912655816818020
Case #37: 1 2 3 4 5 6 7 8 9 10 11 12 13 14 15 16 17 18 19 20 21 22 23
Case #38: 137438953471
Case #39: 18014398509481957
Case #40: 80706050403020101 171615141312111010 262524232221201919 353433323130292828 444342414039383737 535251504948474646 626160595857565555 717069686766656464 807978777675747373 898887868584838282 989796959493929191 1000000000000000000
Case #41: 14663516159395 31222696004794 47781875850193 60716944535656
Case #42: 429260907002830 907879339897970 1386497772793110 1531578985264414
Case #43: 37583 88463 139343 190223 241103 279816
Case #44: 148390053388881 318285911616729 488181769844577 658077628072425 827973486300273 997869344528121 1167765202755969 1337661060983817 1507556919211665 1677452777439513
Case #45: 26 78 130 182 234 286 338 390 442 494 546 598 625
Case #46: 76
Case #47: 15335 36215 57095 77975 83521
Case #48: 285325054906774483 374813367582080661
Case #49: 36028797018963967
Case #50: 12923098 28605058 44287018 47045881
Case #51: 1
Case #52: 15
Case #53: 1
Case #54: 52 156 260 364 468 572 676 780 884 988 1092 1196 1300 1404 1508 1612 1716 1820 1924 2028 2132 2236 2340 2444 2548 2601
Case #55: 163489515258367 347927547792178 532365580325989 716803612859800 901241645393611 922190162669056
Case #56: 89 267 445 623 801 979 1157 1335 1513 1691 1869 2047 2225 2403 2581 2759 2937 3115 3293 3471 3649 3827 4005 4183 4361 4539 4717 4895 5073 5251 5429 5607 5785 5963 6141 6319 6497 6675 6853 7031 7209 7387 7565 7743
Case #57: 65841851668 142936674347 220031497026 297126319705 374221142384 451315965063 506623012077
Case #58: 28 84 140 196 252 308 364 420 476 532 588 644 700 729
Case #59: 78250275120125 167856951997245 257463628874365 347070305751485 436676982628605 526283659505725 615890336382845 705497013259965 795103690137085 806460091894081
Case #60: 3
Case #61: 1954 4933 7912 10891 13870 16849 19828 22807 25786 28765 29791
Case #62: 6529931010272773 13888879348806262 21247827687339751 28606776025873240 35965724364406729 43324672702940218 50683621041473707 58042569380007196 58871586708267913
Case #63: 101 303 505 707 909 1111 1313 1515 1717 1919 2121 2323 2525 2727 2929 3131 3333 3535 3737 3939 4141 4343 4545 4747 4949 5151 5353 5555 5757 5959 6161 6363 6565 6767 6969 7171 7373 7575 7777 7979 8181 8383 8585 8787 8989 9191 9393 9595 9797 9999
Case #64: 19834659 44763464 69692269 94621074 119549879 144478684 169407489 194336294 219265099 229345006
Case #65: 120259 282239 444219 606199 768179 930159 1092139 1254119 1336335
Case #66: 94288897759131517 197497015576559257 232218265089211573
Case #67: 205163983024657 281474976710365
Case #68: 1 2 3
Case #69: 450283905890997358
Case #70: 11649936536081 17592186039756
Case #71: 1
Case #72: 2186299 4945704 7705109 10464514 13223919 14348906
Case #73: 3623714098 7987217578 12350721058 16714224538 21077728018 25441231498 29804734978 34168238458 38531741938 42180321119
Case #74: 999999999876543211
Case #75: 1
Case #76: 5406388822831 11514906064210 17623423305589 19682999999968
Case #77: 83 249 415 581 747 913 1079 1245 1411 1577 1743 1909 2075 2241 2407 2573 2739 2905 3071 3237 3403 3569 3735 3901 4067 4233 4399 4565 4731 4897 5063 5229 5395 5561 5727 5893 6059 6225 6391 6557 6723
Case #78: 1
Case #79: 724
Case #80: 270071149 429981525
Case #81: 43211 98766
Case #82: 48028639 104789756
Case #83: 22
Case #84: 152587890431
Case #85: 5 15
Case #86: 63769987 143805192 223840397 303875602 383910807 463946012 543981217 624016422 704051627 784086832 864122037 944157242 992436478
Case #87: 58137454779 124962115443 191786776107 208827064575
Case #88: 651243214373 1388078394062 1801152648165
Case #89: 461673414861 991526447949 1521379481037 2051232514125 2251875390588
Case #90: 1 2 3 4
Case #91: 37 64
Case #92: 35726692477786471 75506413093809221 115286133709831971 155065854325854721 194845574941877471 210832519264917549
Case #93: 229
Case #94: 91 273 455 637 819 1001 1183 1365 1547 1729 1911 2093 2275 2457 2639 2821 3003 3185 3367 3549 3731 3913 4095 4277 4459 4641 4823 5005 5187 5369 5551 5733 5915 6097 6279 6461 6643 6825 7007 7189 7371 7553 7735 7917 8099
Case #95: 3020101 7060505 11100909 15141313 19181717 23222121 27262525 31302929 35343333 39383737 43424141 47464545 51504949 55545353 59585757 63626161 67666565 71706969 75747373 79787777 83828181 87868585 91908989 95949393 99989797
Case #96: 2931
Case #97: 1 2 3 4 5 6 7 8 9 10 11 12 13 14 15 16 17 18 19 20 21 22 23 24 25 26 27 28 29 30 31 32 33 34 35 36 37 38 39 40 41 42 43 44 45 46 47 48 49 50 51 52
Case #98: 288230376151711717
Case #99: 1
Case #100: 1 2 3 4 5 6 7 8 9 10 11 12 13 14 15 16 17 18 19 20 21 22 23 24 25 26 27 28 29 30 31 32 33 34 35 36 37 38 39 40 41 42 43 44 45 46 47 48 49 50 51 52 53 54 55 56 57 58 59 60 61 62 63 64 65 66 67 68 69 70 71 72 73 74 75 76 77 78 79 80 81 82 83 84 85 86 87 88 89 90 91 92 93 94 95 96 97 98 99 100
